Added Component: Designator=S1(FHDR1X6)
Add component (AddParameter): Name = "LatestRevisionDate"; Value = "17-Jul-2002"; VariantName = "[No Variations]"
Add component (AddParameter): Name = "LatestRevisionNote"; Value = "Re-released for DXP Platform."; VariantName = "[No Variations]"
Add component (AddParameter): Name = "Publisher"; Value = "Altium Limited"; VariantName = "[No Variations]"
Added Component: Designator=S2(FHDR1X6)
Add component (AddParameter): Name = "LatestRevisionDate"; Value = "17-Jul-2002"; VariantName = "[No Variations]"
Add component (AddParameter): Name = "LatestRevisionNote"; Value = "Re-released for DXP Platform."; VariantName = "[No Variations]"
Add component (AddParameter): Name = "Publisher"; Value = "Altium Limited"; VariantName = "[No Variations]"
Added Component: Designator=S3(FHDR1X6)
Add component (AddParameter): Name = "LatestRevisionDate"; Value = "17-Jul-2002"; VariantName = "[No Variations]"
Add component (AddParameter): Name = "LatestRevisionNote"; Value = "Re-released for DXP Platform."; VariantName = "[No Variations]"
Add component (AddParameter): Name = "Publisher"; Value = "Altium Limited"; VariantName = "[No Variations]"
Added Pin To Net: NetName=GND Pin=S1-5
Added Pin To Net: NetName=+5 Pin=S1-6
Added Pin To Net: NetName=GND Pin=S2-5
Added Pin To Net: NetName=+5 Pin=S2-6
Added Pin To Net: NetName=GND Pin=S3-5
Added Pin To Net: NetName=+5 Pin=S3-6
Added Pin To Net: NetName=A4 Pin=S1-3
Added Pin To Net: NetName=A4 Pin=S2-3
Added Pin To Net: NetName=A4 Pin=S3-3
Added Pin To Net: NetName=A4 Pin=U1-8
Added Net: Name=A4
Added Pin To Net: NetName=A5 Pin=S1-4
Added Pin To Net: NetName=A5 Pin=S2-4
Added Pin To Net: NetName=A5 Pin=S3-4
Added Pin To Net: NetName=A5 Pin=U1-9
Added Net: Name=A5
Added Pin To Net: NetName=D3 Pin=S3-1
Added Pin To Net: NetName=D3 Pin=U1-21
Added Net: Name=D3
Added Pin To Net: NetName=D4 Pin=S2-1
Added Pin To Net: NetName=D4 Pin=U1-22
Added Net: Name=D4
Added Pin To Net: NetName=D5 Pin=S1-1
Added Pin To Net: NetName=D5 Pin=U1-23
Added Net: Name=D5
Added Member To Class: ClassName=MazeSolverSch Member=Component B1 Header 2
Added Member To Class: ClassName=MazeSolverSch Member=Component B2 Header 2
Added Member To Class: ClassName=MazeSolverSch Member=Component C1 Cap 101
Added Member To Class: ClassName=MazeSolverSch Member=Component C2 Cap 101
Added Member To Class: ClassName=MazeSolverSch Member=Component Q1 LM7805CT/NOPB
Added Member To Class: ClassName=MazeSolverSch Member=Component R1
Added Member To Class: ClassName=MazeSolverSch Member=Component R2
Added Member To Class: ClassName=MazeSolverSch Member=Component S1 FHeader 6X1
Added Member To Class: ClassName=MazeSolverSch Member=Component S2 FHeader 6X1
Added Member To Class: ClassName=MazeSolverSch Member=Component S3 FHeader 6X1
Added Member To Class: ClassName=MazeSolverSch Member=Component SWITCH SLIDE SWITCH
Added Member To Class: ClassName=MazeSolverSch Member=Component U1 Arduino Nano
Added Member To Class: ClassName=MazeSolverSch Member=Component U2 L293N
Added Member To Class: ClassName=MazeSolverSch Member=Component U3 TCRT5000
